  [1m[35m (19.9ms)[0m  [1m[35mCREATE TABLE "schema_migrations" ("version" varchar NOT NULL PRIMARY KEY)[0m
  [1m[35m (5.8ms)[0m  [1m[35mCREATE TABLE "ar_internal_metadata" ("key" varchar NOT NULL PRIMARY KEY, "value" varchar, "created_at" datetime(6) NOT NULL, "updated_at" datetime(6) NOT NULL)[0m
  [1m[36mActiveRecord::InternalMetadata Load (0.2ms)[0m  [1m[34mSELECT "ar_internal_metadata".* FROM "ar_internal_metadata" WHERE "ar_internal_metadata"."key" = ? LIMIT ?[0m  [["key", "environment"], ["LIMIT", 1]]
  [1m[36mTRANSACTION (0.1ms)[0m  [1m[36mbegin transaction[0m
  [1m[36mActiveRecord::InternalMetadata Create (0.2ms)[0m  [1m[32mINSERT INTO "ar_internal_metadata" ("key", "value", "created_at", "updated_at") VALUES (?, ?, ?, ?)[0m  [["key", "environment"], ["value", "development"], ["created_at", "2024-07-26 02:35:29.232196"], ["updated_at", "2024-07-26 02:35:29.232196"]]
  [1m[36mTRANSACTION (5.4ms)[0m  [1m[36mcommit transaction[0m
  [1m[36mActiveRecord::SchemaMigration Pluck (0.2ms)[0m  [1m[34mSELECT "schema_migrations"."version" FROM "schema_migrations" ORDER BY "schema_migrations"."version" ASC[0m
Started GET "/" for 127.0.0.1 at 2024-07-26 09:36:26 +0700
  [1m[36mActiveRecord::SchemaMigration Pluck (0.2ms)[0m  [1m[34mSELECT "schema_migrations"."version" FROM "schema_migrations" ORDER BY "schema_migrations"."version" ASC[0m
Processing by StaticPagesController#home as HTML
  Rendering layout layouts/application.html.erb
  Rendering static_pages/home.html.erb within layouts/application
  Rendered static_pages/home.html.erb within layouts/application (Duration: 1.0ms | Allocations: 365)
  Rendered layout layouts/application.html.erb (Duration: 262.4ms | Allocations: 74958)
Completed 200 OK in 270ms (Views: 265.3ms | ActiveRecord: 0.0ms | Allocations: 78270)


Started GET "/" for 127.0.0.1 at 2024-07-26 09:49:45 +0700
  [1m[36mActiveRecord::SchemaMigration Pluck (0.3ms)[0m  [1m[34mSELECT "schema_migrations"."version" FROM "schema_migrations" ORDER BY "schema_migrations"."version" ASC[0m
Processing by StaticPagesController#home as HTML
  Rendering layout layouts/application.html.erb
  Rendering static_pages/home.html.erb within layouts/application
  Rendered static_pages/home.html.erb within layouts/application (Duration: 0.7ms | Allocations: 365)
  Rendered layout layouts/application.html.erb (Duration: 49.5ms | Allocations: 21591)
Completed 200 OK in 58ms (Views: 51.9ms | ActiveRecord: 0.0ms | Allocations: 24904)


Started GET "/static_pages/home" for 127.0.0.1 at 2024-07-26 09:50:02 +0700
Processing by StaticPagesController#home as HTML
  Rendering layout layouts/application.html.erb
  Rendering static_pages/home.html.erb within layouts/application
  Rendered static_pages/home.html.erb within layouts/application (Duration: 0.1ms | Allocations: 14)
  Rendered layout layouts/application.html.erb (Duration: 8.5ms | Allocations: 1370)
Completed 200 OK in 11ms (Views: 10.2ms | ActiveRecord: 0.0ms | Allocations: 1684)


Started GET "/static_pages/about" for 127.0.0.1 at 2024-07-26 09:50:07 +0700
Processing by StaticPagesController#about as HTML
  Rendering layout layouts/application.html.erb
  Rendering static_pages/about.html.erb within layouts/application
  Rendered static_pages/about.html.erb within layouts/application (Duration: 2.2ms | Allocations: 145)
  Rendered layout layouts/application.html.erb (Duration: 8.4ms | Allocations: 1318)
Completed 200 OK in 12ms (Views: 10.2ms | ActiveRecord: 0.0ms | Allocations: 1644)


Started GET "/static_pages/help" for 127.0.0.1 at 2024-07-26 09:50:24 +0700
Processing by StaticPagesController#help as HTML
  Rendering layout layouts/application.html.erb
  Rendering static_pages/help.html.erb within layouts/application
  Rendered static_pages/help.html.erb within layouts/application (Duration: 0.9ms | Allocations: 119)
  Rendered layout layouts/application.html.erb (Duration: 6.3ms | Allocations: 1303)
Completed 200 OK in 9ms (Views: 8.0ms | ActiveRecord: 0.0ms | Allocations: 1609)


Started GET "/static_pages/home" for 127.0.0.1 at 2024-07-26 09:51:14 +0700
Processing by StaticPagesController#home as HTML
  Rendering layout layouts/application.html.erb
  Rendering static_pages/home.html.erb within layouts/application
  Rendered static_pages/home.html.erb within layouts/application (Duration: 0.1ms | Allocations: 10)
  Rendered layout layouts/application.html.erb (Duration: 4.0ms | Allocations: 1167)
Completed 200 OK in 6ms (Views: 5.1ms | ActiveRecord: 0.0ms | Allocations: 1414)


Started GET "/static_pages/help" for 127.0.0.1 at 2024-07-26 09:51:50 +0700
Processing by StaticPagesController#help as HTML
  Rendering layout layouts/application.html.erb
  Rendering static_pages/help.html.erb within layouts/application
  Rendered static_pages/help.html.erb within layouts/application (Duration: 0.1ms | Allocations: 10)
  Rendered layout layouts/application.html.erb (Duration: 4.6ms | Allocations: 1208)
Completed 200 OK in 6ms (Views: 5.6ms | ActiveRecord: 0.0ms | Allocations: 1455)


Started GET "/static_pages/help" for 127.0.0.1 at 2024-07-26 09:58:09 +0700
Processing by StaticPagesController#help as HTML
  Rendering layout layouts/application.html.erb
  Rendering static_pages/help.html.erb within layouts/application
  Rendered static_pages/help.html.erb within layouts/application (Duration: 0.9ms | Allocations: 149)
  Rendered layout layouts/application.html.erb (Duration: 5.7ms | Allocations: 1771)
Completed 200 OK in 10ms (Views: 8.5ms | Allocations: 2569)


Started GET "/static_pages/home" for 127.0.0.1 at 2024-07-26 09:58:12 +0700
Processing by StaticPagesController#home as HTML
  Rendering layout layouts/application.html.erb
  Rendering static_pages/home.html.erb within layouts/application
  Rendered static_pages/home.html.erb within layouts/application (Duration: 0.7ms | Allocations: 125)
  Rendered layout layouts/application.html.erb (Duration: 5.0ms | Allocations: 1280)
Completed 200 OK in 9ms (Views: 8.2ms | Allocations: 1596)


Started GET "/static_pages/home" for 127.0.0.1 at 2024-07-26 09:58:19 +0700
Processing by StaticPagesController#home as HTML
  Rendering layout layouts/application.html.erb
  Rendering static_pages/home.html.erb within layouts/application
  Rendered static_pages/home.html.erb within layouts/application (Duration: 0.2ms | Allocations: 7)
  Rendered layout layouts/application.html.erb (Duration: 7.9ms | Allocations: 1170)
Completed 200 OK in 11ms (Views: 10.0ms | Allocations: 1420)


Started GET "/" for 127.0.0.1 at 2024-07-26 09:58:46 +0700
  [1m[36mActiveRecord::SchemaMigration Pluck (0.1ms)[0m  [1m[34mSELECT "schema_migrations"."version" FROM "schema_migrations" ORDER BY "schema_migrations"."version" ASC[0m
Processing by StaticPagesController#home as HTML
  Rendering layout layouts/application.html.erb
  Rendering static_pages/home.html.erb within layouts/application
  Rendered static_pages/home.html.erb within layouts/application (Duration: 0.8ms | Allocations: 350)
  Rendered layout layouts/application.html.erb (Duration: 46.8ms | Allocations: 21629)
Completed 200 OK in 56ms (Views: 50.4ms | ActiveRecord: 0.0ms | Allocations: 24942)


Started GET "/" for 127.0.0.1 at 2024-07-26 09:59:48 +0700
Processing by StaticPagesController#home as HTML
  Rendering layout layouts/application.html.erb
  Rendering static_pages/home.html.erb within layouts/application
  Rendered static_pages/home.html.erb within layouts/application (Duration: 0.6ms | Allocations: 147)
  Rendered layout layouts/application.html.erb (Duration: 4.5ms | Allocations: 1754)
Completed 200 OK in 9ms (Views: 7.7ms | ActiveRecord: 0.0ms | Allocations: 2623)


Started GET "/static_pages/help" for 127.0.0.1 at 2024-07-26 09:59:56 +0700
Processing by StaticPagesController#help as HTML
  Rendering layout layouts/application.html.erb
  Rendering static_pages/help.html.erb within layouts/application
  Rendered static_pages/help.html.erb within layouts/application (Duration: 0.7ms | Allocations: 127)
  Rendered layout layouts/application.html.erb (Duration: 4.1ms | Allocations: 1285)
Completed 200 OK in 6ms (Views: 5.1ms | ActiveRecord: 0.0ms | Allocations: 1613)


Started GET "/static_pages/help" for 127.0.0.1 at 2024-07-26 10:16:19 +0700
Processing by StaticPagesController#help as HTML
  Rendering layout layouts/application.html.erb
  Rendering static_pages/help.html.erb within layouts/application
  Rendered static_pages/help.html.erb within layouts/application (Duration: 0.8ms | Allocations: 152)
  Rendered layout layouts/application.html.erb (Duration: 5.2ms | Allocations: 1747)
Completed 200 OK in 9ms (Views: 7.9ms | Allocations: 2553)


Started GET "/static_pages/help" for 127.0.0.1 at 2024-07-26 10:16:20 +0700
Processing by StaticPagesController#help as HTML
  Rendering layout layouts/application.html.erb
  Rendering static_pages/help.html.erb within layouts/application
  Rendered static_pages/help.html.erb within layouts/application (Duration: 0.1ms | Allocations: 7)
  Rendered layout layouts/application.html.erb (Duration: 4.3ms | Allocations: 1160)
Completed 200 OK in 6ms (Views: 5.4ms | Allocations: 1428)


Started GET "/static_pages/help" for 127.0.0.1 at 2024-07-26 10:16:21 +0700
Processing by StaticPagesController#help as HTML
  Rendering layout layouts/application.html.erb
  Rendering static_pages/help.html.erb within layouts/application
  Rendered static_pages/help.html.erb within layouts/application (Duration: 0.1ms | Allocations: 7)
  Rendered layout layouts/application.html.erb (Duration: 9.4ms | Allocations: 1168)
Completed 200 OK in 12ms (Views: 11.3ms | Allocations: 1412)


Started GET "/static_pages/help" for 127.0.0.1 at 2024-07-26 10:16:21 +0700
Processing by StaticPagesController#help as HTML
  Rendering layout layouts/application.html.erb
  Rendering static_pages/help.html.erb within layouts/application
  Rendered static_pages/help.html.erb within layouts/application (Duration: 0.2ms | Allocations: 7)
  Rendered layout layouts/application.html.erb (Duration: 8.9ms | Allocations: 1168)
Completed 200 OK in 12ms (Views: 10.8ms | Allocations: 1412)


Started GET "/static_pages/home" for 127.0.0.1 at 2024-07-26 10:16:26 +0700
Processing by StaticPagesController#home as HTML
  Rendering layout layouts/application.html.erb
  Rendering static_pages/home.html.erb within layouts/application
  Rendered static_pages/home.html.erb within layouts/application (Duration: 1.0ms | Allocations: 151)
  Rendered layout layouts/application.html.erb (Duration: 5.0ms | Allocations: 1316)
Completed 200 OK in 7ms (Views: 6.2ms | Allocations: 1613)


Started GET "/static_pages/home" for 127.0.0.1 at 2024-07-26 10:17:00 +0700
Processing by StaticPagesController#home as HTML
  Rendering layout layouts/application.html.erb
  Rendering static_pages/home.html.erb within layouts/application
  Rendered static_pages/home.html.erb within layouts/application (Duration: 1.1ms | Allocations: 176)
  Rendered layout layouts/application.html.erb (Duration: 8.2ms | Allocations: 1765)
Completed 200 OK in 14ms (Views: 11.5ms | Allocations: 2563)


Started GET "/static_pages/home" for 127.0.0.1 at 2024-07-26 10:17:08 +0700
Processing by StaticPagesController#home as HTML
  Rendering layout layouts/application.html.erb
  Rendering static_pages/home.html.erb within layouts/application
  Rendered static_pages/home.html.erb within layouts/application (Duration: 1.0ms | Allocations: 175)
  Rendered layout layouts/application.html.erb (Duration: 5.1ms | Allocations: 1788)
Completed 200 OK in 10ms (Views: 8.4ms | Allocations: 2608)


Started GET "/static_pages/home" for 127.0.0.1 at 2024-07-26 10:24:21 +0700
Processing by StaticPagesController#home as HTML
  Rendering layout layouts/application.html.erb
  Rendering static_pages/home.html.erb within layouts/application
  Rendered static_pages/home.html.erb within layouts/application (Duration: 1.8ms | Allocations: 147)
  Rendered layout layouts/application.html.erb (Duration: 12.0ms | Allocations: 1756)
Completed 200 OK in 21ms (Views: 18.7ms | Allocations: 2572)


Started GET "/static_pages/home" for 127.0.0.1 at 2024-07-26 13:00:46 +0700
Processing by StaticPagesController#home as HTML
  Rendering layout layouts/application.html.erb
  Rendering static_pages/home.html.erb within layouts/application
  Rendered static_pages/home.html.erb within layouts/application (Duration: 0.3ms | Allocations: 146)
  Rendered layout layouts/application.html.erb (Duration: 14.5ms | Allocations: 1768)
Completed 200 OK in 16ms (Views: 15.7ms | Allocations: 2710)


Started GET "/" for 127.0.0.1 at 2024-07-26 13:01:25 +0700
  [1m[36mActiveRecord::SchemaMigration Pluck (0.2ms)[0m  [1m[34mSELECT "schema_migrations"."version" FROM "schema_migrations" ORDER BY "schema_migrations"."version" ASC[0m
Processing by Rails::WelcomeController#index as HTML
  Rendering /home/nangdung/.asdf/installs/ruby/3.1.2/lib/ruby/gems/3.1.0/gems/railties-7.0.4/lib/rails/templates/rails/welcome/index.html.erb
  Rendered /home/nangdung/.asdf/installs/ruby/3.1.2/lib/ruby/gems/3.1.0/gems/railties-7.0.4/lib/rails/templates/rails/welcome/index.html.erb (Duration: 1.2ms | Allocations: 517)
Completed 200 OK in 8ms (Views: 3.2ms | ActiveRecord: 0.0ms | Allocations: 3679)


Started GET "/home" for 127.0.0.1 at 2024-07-26 13:01:33 +0700
  
ActionController::RoutingError (No route matches [GET] "/home"):
  
Started GET "/static_pages/home" for 127.0.0.1 at 2024-07-26 13:01:39 +0700
Processing by StaticPagesController#home as HTML
  Rendering layout layouts/application.html.erb
  Rendering static_pages/home.html.erb within layouts/application
  Rendered static_pages/home.html.erb within layouts/application (Duration: 0.7ms | Allocations: 150)
  Rendered layout layouts/application.html.erb (Duration: 46.7ms | Allocations: 20794)
Completed 200 OK in 53ms (Views: 51.7ms | ActiveRecord: 0.0ms | Allocations: 21781)


Started GET "/" for 127.0.0.1 at 2024-07-26 13:05:34 +0700
  [1m[36mActiveRecord::SchemaMigration Pluck (0.1ms)[0m  [1m[34mSELECT "schema_migrations"."version" FROM "schema_migrations" ORDER BY "schema_migrations"."version" ASC[0m
Processing by Rails::WelcomeController#index as HTML
  Rendering /home/nangdung/.asdf/installs/ruby/3.1.2/lib/ruby/gems/3.1.0/gems/railties-7.0.4/lib/rails/templates/rails/welcome/index.html.erb
  Rendered /home/nangdung/.asdf/installs/ruby/3.1.2/lib/ruby/gems/3.1.0/gems/railties-7.0.4/lib/rails/templates/rails/welcome/index.html.erb (Duration: 1.1ms | Allocations: 517)
Completed 200 OK in 7ms (Views: 3.0ms | ActiveRecord: 0.0ms | Allocations: 3679)


Started GET "/home" for 127.0.0.1 at 2024-07-26 13:05:39 +0700
  
ActionController::RoutingError (No route matches [GET] "/home"):
  
Started GET "/" for 127.0.0.1 at 2024-07-26 13:07:06 +0700
Processing by StaticPagesController#home as HTML
  Rendering layout layouts/application.html.erb
  Rendering static_pages/home.html.erb within layouts/application
  Rendered static_pages/home.html.erb within layouts/application (Duration: 0.4ms | Allocations: 150)
  Rendered layout layouts/application.html.erb (Duration: 47.5ms | Allocations: 20920)
Completed 200 OK in 50ms (Views: 49.2ms | Allocations: 21888)


